<?xml version="1.0" encoding="UTF-8"?>
<testng-results ignored="0" total="1" passed="1" failed="0" skipped="0">
  <reporter-output>
  </reporter-output>
  <suite started-at="2024-12-16T12:28:34 IST" name="Default suite" finished-at="2024-12-16T12:28:43 IST" duration-ms="9067">
    <groups>
    </groups>
    <test started-at="2024-12-16T12:28:34 IST" name="Default test" finished-at="2024-12-16T12:28:43 IST" duration-ms="9067">
      <class name="scipts.WindowHandles">
        <test-method signature="step()[pri:0, instance:scipts.WindowHandles@53aac487]" started-at="2024-12-16T12:28:34 IST" name="step" finished-at="2024-12-16T12:28:43 IST" duration-ms="8925" status="PASS">
          <reporter-output>
          </reporter-output>
        </test-method> <!-- step -->
      </class> <!-- scipts.WindowHandles -->
    </test> <!-- Default test -->
  </suite> <!-- Default suite -->
</testng-results>
